# JRE version: OpenJDK Runtime Environment (21.0.3) (build 21.0.3+-12282718-b509.11)
# Java VM: OpenJDK 64-Bit Server VM (21.0.3+-12282718-b509.11, mixed mode, tiered, compressed oops, compressed class ptrs, g1 gc, windows-amd64)
GC Precious Log:
 CardTable entry size: 512
 Card Set container configuration: InlinePtr #cards 5 size 8 Array Of Cards #cards 12 size 40 Howl #buckets 4 coarsen threshold 1843 Howl Bitmap #cards 512 size 80 coarsen threshold 460 Card regions per heap region 1 cards per card region 2048
 CPUs: 4 total, 4 available
 Memory: 8091M
 Large Page Support: Disabled
 NUMA Support: Disabled
 Compressed Oops: Enabled (32-bit)
 Heap Region Size: 1M
 Heap Min Capacity: 8M
 Heap Initial Capacity: 128M
 Heap Max Capacity: 2G
 Pre-touch: Disabled
 Parallel Workers: 4
 Concurrent Workers: 1
 Concurrent Refinement Workers: 4
 Periodic GC: Disabled
Heap:
 garbage-first heap   total 526336K, used 277737K [0x0000000080000000, 0x0000000100000000)
  region size 1024K, 33 young (33792K), 15 survivors (15360K)
 Metaspace       used 253733K, committed 256320K, reserved 1310720K
  class space    used 31397K, committed 32640K, reserved 1048576K
GC Heap History (20 events):
Event: 2977.810 GC heap before
{Heap before GC invocations=91 (full 0):
 garbage-first heap   total 526336K, used 477184K [0x0000000080000000, 0x0000000100000000)
  region size 1024K, 210 young (215040K), 16 survivors (16384K)
 Metaspace       used 249059K, committed 251328K, reserved 1310720K
  class space    used 30952K, committed 32128K, reserved 1048576K
}
Event: 2977.833 GC heap after
{Heap after GC invocations=92 (full 0):
 garbage-first heap   total 526336K, used 283578K [0x0000000080000000, 0x0000000100000000)
  region size 1024K, 18 young (18432K), 18 survivors (18432K)
 Metaspace       used 249059K, committed 251328K, reserved 1310720K
  class space    used 30952K, committed 32128K, reserved 1048576K
}
Event: 2983.763 GC heap before
{Heap before GC invocations=93 (full 0):
 garbage-first heap   total 526336K, used 479162K [0x0000000080000000, 0x0000000100000000)
  region size 1024K, 209 young (214016K), 18 survivors (18432K)
 Metaspace       used 249059K, committed 251328K, reserved 1310720K
  class space    used 30952K, committed 32128K, reserved 1048576K
}
Event: 2983.788 GC heap after
{Heap after GC invocations=94 (full 0):
 garbage-first heap   total 526336K, used 284215K [0x0000000080000000, 0x0000000100000000)
  region size 1024K, 14 young (14336K), 14 survivors (14336K)
 Metaspace       used 249059K, committed 251328K, reserved 1310720K
  class space    used 30952K, committed 32128K, reserved 1048576K
}
Event: 2988.305 GC heap before
{Heap before GC invocations=94 (full 0):
 garbage-first heap   total 526336K, used 485943K [0x0000000080000000, 0x0000000100000000)
  region size 1024K, 209 young (214016K), 14 survivors (14336K)
 Metaspace       used 251163K, committed 253440K, reserved 1310720K
  class space    used 31190K, committed 32384K, reserved 1048576K
}
Event: 2988.331 GC heap after
{Heap after GC invocations=95 (full 0):
 garbage-first heap   total 526336K, used 282843K [0x0000000080000000, 0x0000000100000000)
  region size 1024K, 16 young (16384K), 16 survivors (16384K)
 Metaspace       used 251163K, committed 253440K, reserved 1310720K
  class space    used 31190K, committed 32384K, reserved 1048576K
}
Event: 2988.560 GC heap before
{Heap before GC invocations=95 (full 0):
 garbage-first heap   total 526336K, used 324827K [0x0000000080000000, 0x0000000100000000)
  region size 1024K, 58 young (59392K), 16 survivors (16384K)
 Metaspace       used 251254K, committed 253504K, reserved 1310720K
  class space    used 31205K, committed 32384K, reserved 1048576K
}
Event: 2988.567 GC heap after
{Heap after GC invocations=96 (full 0):
 garbage-first heap   total 526336K, used 268869K [0x0000000080000000, 0x0000000100000000)
  region size 1024K, 2 young (2048K), 2 survivors (2048K)
 Metaspace       used 251254K, committed 253504K, reserved 1310720K
  class space    used 31205K, committed 32384K, reserved 1048576K
}
Event: 2990.393 GC heap before
{Heap before GC invocations=97 (full 0):
 garbage-first heap   total 526336K, used 480837K [0x0000000080000000, 0x0000000100000000)
  region size 1024K, 224 young (229376K), 2 survivors (2048K)
 Metaspace       used 251626K, committed 253888K, reserved 1310720K
  class space    used 31228K, committed 32384K, reserved 1048576K
}
Event: 2990.401 GC heap after
{Heap after GC invocations=98 (full 0):
 garbage-first heap   total 526336K, used 252306K [0x0000000080000000, 0x0000000100000000)
  region size 1024K, 3 young (3072K), 3 survivors (3072K)
 Metaspace       used 251626K, committed 253888K, reserved 1310720K
  class space    used 31228K, committed 32384K, reserved 1048576K
}
Event: 3530.281 GC heap before
{Heap before GC invocations=98 (full 0):
 garbage-first heap   total 526336K, used 493970K [0x0000000080000000, 0x0000000100000000)
  region size 1024K, 240 young (245760K), 3 survivors (3072K)
 Metaspace       used 252155K, committed 254528K, reserved 1310720K
  class space    used 31255K, committed 32448K, reserved 1048576K
}
Event: 3530.307 GC heap after
{Heap after GC invocations=99 (full 0):
 garbage-first heap   total 526336K, used 249123K [0x0000000080000000, 0x0000000100000000)
  region size 1024K, 10 young (10240K), 10 survivors (10240K)
 Metaspace       used 252155K, committed 254528K, reserved 1310720K
  class space    used 31255K, committed 32448K, reserved 1048576K
}
Event: 3530.694 GC heap before
{Heap before GC invocations=99 (full 0):
 garbage-first heap   total 526336K, used 275747K [0x0000000080000000, 0x0000000100000000)
  region size 1024K, 38 young (38912K), 10 survivors (10240K)
 Metaspace       used 252190K, committed 254528K, reserved 1310720K
  class space    used 31256K, committed 32448K, reserved 1048576K
}
Event: 3530.711 GC heap after
{Heap after GC invocations=100 (full 0):
 garbage-first heap   total 526336K, used 251904K [0x0000000080000000, 0x0000000100000000)
  region size 1024K, 13 young (13312K), 13 survivors (13312K)
 Metaspace       used 252190K, committed 254528K, reserved 1310720K
  class space    used 31256K, committed 32448K, reserved 1048576K
}
Event: 3536.559 GC heap before
{Heap before GC invocations=101 (full 0):
 garbage-first heap   total 526336K, used 490496K [0x0000000080000000, 0x0000000100000000)
  region size 1024K, 222 young (227328K), 13 survivors (13312K)
 Metaspace       used 252953K, committed 255424K, reserved 1310720K
  class space    used 31336K, committed 32576K, reserved 1048576K
}
Event: 3536.586 GC heap after
{Heap after GC invocations=102 (full 0):
 garbage-first heap   total 526336K, used 260608K [0x0000000080000000, 0x0000000100000000)
  region size 1024K, 19 young (19456K), 19 survivors (19456K)
 Metaspace       used 252953K, committed 255424K, reserved 1310720K
  class space    used 31336K, committed 32576K, reserved 1048576K
}
Event: 3566.987 GC heap before
{Heap before GC invocations=102 (full 0):
 garbage-first heap   total 526336K, used 485888K [0x0000000080000000, 0x0000000100000000)
  region size 1024K, 228 young (233472K), 19 survivors (19456K)
 Metaspace       used 253533K, committed 256000K, reserved 1310720K
  class space    used 31411K, committed 32640K, reserved 1048576K
}
Event: 3567.030 GC heap after
{Heap after GC invocations=103 (full 0):
 garbage-first heap   total 526336K, used 250089K [0x0000000080000000, 0x0000000100000000)
  region size 1024K, 10 young (10240K), 10 survivors (10240K)
 Metaspace       used 253533K, committed 256000K, reserved 1310720K
  class space    used 31411K, committed 32640K, reserved 1048576K
}
Event: 3883.811 GC heap before
{Heap before GC invocations=103 (full 0):
 garbage-first heap   total 526336K, used 408809K [0x0000000080000000, 0x0000000100000000)
  region size 1024K, 167 young (171008K), 10 survivors (10240K)
 Metaspace       used 253644K, committed 256064K, reserved 1310720K
  class space    used 31413K, committed 32640K, reserved 1048576K
}
Event: 3883.832 GC heap after
{Heap after GC invocations=104 (full 0):
 garbage-first heap   total 526336K, used 255209K [0x0000000080000000, 0x0000000100000000)
  region size 1024K, 15 young (15360K), 15 survivors (15360K)
 Metaspace       used 253644K, committed 256064K, reserved 1310720K
  class space    used 31413K, committed 32640K, reserved 1048576K
}

